<?xml version="1.0" encoding="UTF-8"?>
<testsuite xmlns:xsi="http://www.w3.org/2001/XMLSchema-instance" xsi:noNamespaceSchemaLocation="https://maven.apache.org/surefire/maven-surefire-plugin/xsd/surefire-test-report.xsd" version="3.0.2" name="DiscountCalculatorTest" time="0.065" tests="1" errors="0" skipped="0" failures="0">
  <properties>
[...]
</properties>
  <testcase name="testCalculateDiscount" classname="DiscountCalculatorTest" time="0.01">
    <system-out><![CDATA[Setup Completed
Resources Released
]]></system-out>
  </testcase>
</testsuite>